[2012-11-08 18:26:31] START
[2012-11-08 18:26:31] EDIT project/controllers/default.py: -1
[2012-11-08 18:28:41] EDIT project/controllers/default.py: 0
[2012-11-08 18:29:33] EDIT project/controllers/default.py: 0
[2012-11-08 18:41:25] EDIT project/controllers/default.py: 0
[2012-11-08 18:41:30] EDIT project/controllers/default.py: 0
[2012-11-08 19:00:30] EDIT project/controllers/default.py: 0
[2012-11-08 19:20:36] EDIT project/controllers/default.py: 0
[2012-11-08 19:28:59] EDIT project/views/default/index.html: 1
[2012-11-08 19:29:56] EDIT project/controllers/default.py: 3
[2012-11-08 19:30:11] EDIT project/controllers/default.py: 0
[2012-11-08 19:31:24] EDIT project/views/default/index.html: 0
[2012-11-08 19:31:42] CREATE default/dele.html: 0
[2012-11-08 19:33:41] EDIT project/controllers/default.py: 0
[2012-11-08 19:40:09] EDIT project/controllers/default.py: 1
[2012-11-08 20:16:51] EDIT project/controllers/default.py: 4
[2012-11-08 20:17:40] EDIT project/controllers/default.py: 2
[2012-11-08 20:20:31] EDIT project/controllers/default.py: 0
[2012-11-08 20:25:35] EDIT project/controllers/default.py: 0
[2012-11-08 20:25:43] EDIT project/controllers/default.py: 0
[2012-11-08 20:28:16] EDIT project/controllers/default.py: 0
[2012-11-08 20:33:05] EDIT project/controllers/default.py: 5
[2012-11-08 20:33:14] EDIT project/controllers/default.py: 0
[2012-11-08 20:37:36] EDIT project/controllers/default.py: 0
[2012-11-08 20:42:21] EDIT project/controllers/default.py: 6
[2012-11-08 21:23:28] EDIT project/controllers/default.py: 0
[2012-11-08 21:23:40] EDIT project/controllers/default.py: 0
[2012-11-08 21:28:52] EDIT project/controllers/default.py: 0
[2012-11-08 21:41:28] EDIT project/controllers/default.py: 0
[2012-11-08 21:48:11] EDIT project/controllers/default.py: 2
[2012-11-08 21:48:49] EDIT project/controllers/default.py: 2
[2012-11-08 21:53:08] EDIT project/controllers/default.py: 2
[2012-11-08 21:54:31] EDIT project/controllers/default.py: 0
[2012-11-08 22:01:30] EDIT project/controllers/default.py: 1
[2012-11-11 22:43:01] EDIT pro/controllers/default.py: 1
[2012-11-11 22:50:21] EDIT pro/controllers/default.py: 0
[2012-11-11 22:53:55] EDIT pro/controllers/default.py: 0
[2012-11-11 22:58:26] EDIT pro/controllers/default.py: 0
[2012-11-11 22:59:09] EDIT pro/controllers/default.py: 0
[2012-11-11 22:59:24] EDIT pro/controllers/default.py: 0
[2012-11-11 22:59:40] EDIT pro/controllers/default.py: 0
[2012-11-11 23:01:37] EDIT pro/controllers/default.py: 4
[2012-11-11 23:01:47] EDIT pro/controllers/default.py: 0
[2012-11-11 23:06:00] EDIT pro/controllers/default.py: -1
[2012-11-11 23:10:03] EDIT pro/controllers/default.py: -3
[2012-11-11 23:16:51] EDIT pro/controllers/default.py: 3
[2012-11-11 23:21:06] EDIT pro/controllers/default.py: 0
[2012-11-11 23:21:18] EDIT pro/controllers/default.py: 0
[2012-11-11 23:22:04] EDIT pro/controllers/default.py: 0
[2012-11-11 23:25:53] EDIT pro/controllers/default.py: 0
[2012-11-11 23:40:19] EDIT pro/controllers/default.py: 3
[2012-11-11 23:40:31] EDIT pro/controllers/default.py: 3
[2012-11-11 23:47:35] EDIT pro/controllers/default.py: 1
[2012-11-11 23:50:34] EDIT pro/controllers/default.py: -6
[2012-11-12 00:04:41] EDIT pro/controllers/default.py: 0
[2012-11-12 02:17:17] EDIT pro/controllers/default.py: -69
[2012-11-12 02:17:39] EDIT pro/controllers/default.py: 0
[2012-11-12 02:19:33] EDIT pro/controllers/default.py: 3
[2012-11-12 02:20:22] EDIT pro/controllers/default.py: 0
[2012-11-12 02:21:21] EDIT pro/controllers/default.py: 1
[2012-11-12 02:21:58] EDIT pro/controllers/default.py: 0
[2012-11-12 02:54:53] EDIT pro/controllers/default.py: 35
[2012-11-12 02:56:54] EDIT pro/controllers/default.py: 1
[2012-11-12 03:04:48] EDIT pro/controllers/default.py: 0
[2012-11-12 03:05:57] EDIT pro/controllers/default.py: 2
[2012-11-12 03:06:48] EDIT pro/controllers/default.py: -2
[2012-11-12 03:07:03] EDIT pro/controllers/default.py: 0
[2012-11-12 03:07:19] EDIT pro/controllers/default.py: 0
[2012-11-12 03:07:56] EDIT pro/controllers/default.py: 1
[2012-11-12 03:08:39] EDIT pro/controllers/default.py: 0
[2012-11-12 03:09:14] EDIT pro/controllers/default.py: 0
[2012-11-12 03:09:42] EDIT pro/controllers/default.py: 0
[2012-11-12 03:09:48] EDIT pro/controllers/default.py: 0
[2012-11-12 03:11:49] EDIT pro/controllers/default.py: 3
[2012-11-12 03:11:53] EDIT pro/controllers/default.py: 0
[2012-11-12 03:13:07] EDIT pro/controllers/default.py: 0
[2012-11-12 03:13:14] EDIT pro/controllers/default.py: 0
[2012-11-12 03:38:50] EDIT pro/controllers/default.py: 0
[2012-11-12 13:51:55] EDIT pro/controllers/default.py: -1
[2012-11-12 13:58:23] EDIT pro/controllers/default.py: 0
[2012-11-12 15:51:15] EDIT pro/controllers/default.py: 3
[2012-11-12 15:56:12] EDIT pro/controllers/default.py: 7
[2012-11-12 16:00:23] UPLOAD C:/Users/ARPITA/Downloads/web2py_win/web2py/applications/pro/static/interactive_tree.css: 14
[2012-11-12 16:03:15] EDIT pro/views/default/kruskal.html: 141
[2012-11-12 16:03:32] EDIT pro/views/default/kruskal.html: 0
[2012-11-13 08:40:40] DELETE pro/views/default/kruskal.html: -147
[2012-11-13 08:40:50] CREATE default/kruskal.html: 0
[2012-11-13 08:54:44] EDIT pro/controllers/default.py: 2
[2012-11-13 08:57:34] EDIT pro/controllers/default.py: 1
[2012-11-13 09:00:24] EDIT pro/controllers/default.py: 1
[2012-11-13 09:01:01] EDIT pro/controllers/default.py: 0
[2012-11-13 09:04:03] EDIT pro/controllers/default.py: 0
[2012-11-13 09:05:01] EDIT pro/controllers/default.py: 0
[2012-11-13 09:11:23] EDIT pro/controllers/default.py: 2
[2012-11-13 09:12:30] EDIT pro/controllers/default.py: 0
[2012-11-13 09:13:11] EDIT pro/controllers/default.py: 0
[2012-11-13 09:13:43] EDIT pro/controllers/default.py: 0
[2012-11-13 09:14:33] EDIT pro/controllers/default.py: 0
[2012-11-13 09:15:04] EDIT pro/controllers/default.py: 0
[2012-11-13 09:15:51] EDIT pro/controllers/default.py: 0
[2012-11-13 09:16:19] EDIT pro/controllers/default.py: 0
[2012-11-13 09:17:02] EDIT pro/controllers/default.py: 0
[2012-11-13 09:53:43] EDIT pro/controllers/default.py: 2
[2012-11-13 09:54:35] EDIT pro/controllers/default.py: 0
[2012-11-13 09:57:43] EDIT pro/controllers/default.py: -2
[2012-11-13 09:58:36] EDIT pro/controllers/default.py: 1
[2012-11-13 09:59:03] EDIT pro/controllers/default.py: 0
[2012-11-13 10:00:46] EDIT pro/controllers/default.py: -3
[2012-11-13 10:01:04] EDIT pro/controllers/default.py: 0
[2012-11-13 10:03:29] EDIT pro/controllers/default.py: 0
[2012-11-13 10:06:53] EDIT pro/views/default/relate.html: 1
[2012-11-13 10:07:40] EDIT pro/views/default/relate.html: 0
[2012-11-13 10:09:55] EDIT pro/views/default/relate.html: 0
[2012-11-13 10:10:58] EDIT pro/views/default/relate.html: 0
[2012-11-13 10:11:42] EDIT pro/controllers/default.py: 2
[2012-11-13 10:14:18] EDIT pro/controllers/default.py: 0
[2012-11-13 10:15:30] EDIT pro/views/default/relate.html: 0
[2012-11-13 10:16:11] EDIT pro/controllers/default.py: -2
[2012-11-13 10:16:44] EDIT pro/views/default/relate.html: 0
[2012-11-13 10:34:56] EDIT pro/views/default/relate.html: 0
[2012-11-13 10:35:23] EDIT pro/controllers/default.py: 2
[2012-11-13 10:39:28] EDIT pro/controllers/default.py: 0
[2012-11-13 11:03:09] EDIT pro/controllers/default.py: 0
