[2012-11-08 18:26:31] START
[2012-11-08 18:26:31] EDIT project/controllers/default.py: -1
[2012-11-08 18:28:41] EDIT project/controllers/default.py: 0
[2012-11-08 18:29:33] EDIT project/controllers/default.py: 0
[2012-11-08 18:41:25] EDIT project/controllers/default.py: 0
[2012-11-08 18:41:30] EDIT project/controllers/default.py: 0
[2012-11-08 19:00:30] EDIT project/controllers/default.py: 0
[2012-11-08 19:20:36] EDIT project/controllers/default.py: 0
[2012-11-08 19:28:59] EDIT project/views/default/index.html: 1
[2012-11-08 19:29:56] EDIT project/controllers/default.py: 3
[2012-11-08 19:30:11] EDIT project/controllers/default.py: 0
[2012-11-08 19:31:24] EDIT project/views/default/index.html: 0
[2012-11-08 19:31:42] CREATE default/dele.html: 0
[2012-11-08 19:33:41] EDIT project/controllers/default.py: 0
[2012-11-08 19:40:09] EDIT project/controllers/default.py: 1
[2012-11-08 20:16:51] EDIT project/controllers/default.py: 4
[2012-11-08 20:17:40] EDIT project/controllers/default.py: 2
[2012-11-08 20:20:31] EDIT project/controllers/default.py: 0
[2012-11-08 20:25:35] EDIT project/controllers/default.py: 0
[2012-11-08 20:25:43] EDIT project/controllers/default.py: 0
[2012-11-08 20:28:16] EDIT project/controllers/default.py: 0
[2012-11-08 20:33:05] EDIT project/controllers/default.py: 5
[2012-11-08 20:33:14] EDIT project/controllers/default.py: 0
[2012-11-08 20:37:36] EDIT project/controllers/default.py: 0
[2012-11-08 20:42:21] EDIT project/controllers/default.py: 6
[2012-11-08 21:23:28] EDIT project/controllers/default.py: 0
[2012-11-08 21:23:40] EDIT project/controllers/default.py: 0
[2012-11-08 21:28:52] EDIT project/controllers/default.py: 0
[2012-11-08 21:41:28] EDIT project/controllers/default.py: 0
[2012-11-08 21:48:11] EDIT project/controllers/default.py: 2
[2012-11-08 21:48:49] EDIT project/controllers/default.py: 2
[2012-11-08 21:53:08] EDIT project/controllers/default.py: 2
[2012-11-08 21:54:31] EDIT project/controllers/default.py: 0
[2012-11-08 22:01:30] EDIT project/controllers/default.py: 1
